obj\Release\netstandard2.1\blazor\unlinked\OA.WASM.dll
obj\Release\netstandard2.1\blazor\unlinked\Microsoft.AspNetCore.SignalR.Client.dll
obj\Release\netstandard2.1\blazor\unlinked\Microsoft.Extensions.DependencyInjection.Abstractions.dll
obj\Release\netstandard2.1\blazor\unlinked\netstandard.dll
obj\Release\netstandard2.1\blazor\unlinked\System.Xml.Linq.dll
obj\Release\netstandard2.1\blazor\unlinked\System.Core.dll
obj\Release\netstandard2.1\blazor\unlinked\System.dll
obj\Release\netstandard2.1\blazor\unlinked\WebAssembly.Net.WebSockets.dll
obj\Release\netstandard2.1\blazor\unlinked\System.Memory.dll
obj\Release\netstandard2.1\blazor\unlinked\mscorlib.dll
obj\Release\netstandard2.1\blazor\unlinked\WebAssembly.Bindings.dll
obj\Release\netstandard2.1\blazor\unlinked\System.Numerics.dll
obj\Release\netstandard2.1\blazor\unlinked\System.Xml.dll
obj\Release\netstandard2.1\blazor\unlinked\Mono.Security.dll
obj\Release\netstandard2.1\blazor\unlinked\System.Transactions.dll
obj\Release\netstandard2.1\blazor\unlinked\System.Runtime.Serialization.dll
obj\Release\netstandard2.1\blazor\unlinked\System.ServiceModel.Internals.dll
obj\Release\netstandard2.1\blazor\unlinked\System.Net.Http.dll
obj\Release\netstandard2.1\blazor\unlinked\System.Net.Http.WebAssemblyHttpHandler.dll
obj\Release\netstandard2.1\blazor\unlinked\System.ComponentModel.Composition.dll
obj\Release\netstandard2.1\blazor\unlinked\System.IO.Compression.FileSystem.dll
obj\Release\netstandard2.1\blazor\unlinked\System.IO.Compression.dll
obj\Release\netstandard2.1\blazor\unlinked\System.Drawing.Common.dll
obj\Release\netstandard2.1\blazor\unlinked\System.Data.DataSetExtensions.dll
obj\Release\netstandard2.1\blazor\unlinked\System.Data.dll
obj\Release\netstandard2.1\blazor\unlinked\Microsoft.AspNetCore.SignalR.Common.dll
obj\Release\netstandard2.1\blazor\unlinked\System.Text.Encodings.Web.dll
obj\Release\netstandard2.1\blazor\unlinked\System.Buffers.dll
obj\Release\netstandard2.1\blazor\unlinked\Microsoft.AspNetCore.Connections.Abstractions.dll
obj\Release\netstandard2.1\blazor\unlinked\System.IO.Pipelines.dll
obj\Release\netstandard2.1\blazor\unlinked\System.Threading.Tasks.Extensions.dll
obj\Release\netstandard2.1\blazor\unlinked\Microsoft.AspNetCore.Http.Features.dll
obj\Release\netstandard2.1\blazor\unlinked\Microsoft.Extensions.Primitives.dll
obj\Release\netstandard2.1\blazor\unlinked\System.Runtime.CompilerServices.Unsafe.dll
obj\Release\netstandard2.1\blazor\unlinked\System.Text.Json.dll
obj\Release\netstandard2.1\blazor\unlinked\Microsoft.Bcl.AsyncInterfaces.dll
obj\Release\netstandard2.1\blazor\unlinked\System.Numerics.Vectors.dll
obj\Release\netstandard2.1\blazor\unlinked\Microsoft.Extensions.Options.dll
obj\Release\netstandard2.1\blazor\unlinked\Microsoft.AspNetCore.Http.Connections.Client.dll
obj\Release\netstandard2.1\blazor\unlinked\Microsoft.AspNetCore.Http.Connections.Common.dll
obj\Release\netstandard2.1\blazor\unlinked\Microsoft.Extensions.Logging.Abstractions.dll
obj\Release\netstandard2.1\blazor\unlinked\Microsoft.AspNetCore.SignalR.Client.Core.dll
obj\Release\netstandard2.1\blazor\unlinked\Microsoft.AspNetCore.SignalR.Protocols.Json.dll
obj\Release\netstandard2.1\blazor\unlinked\Microsoft.Extensions.DependencyInjection.dll
obj\Release\netstandard2.1\blazor\unlinked\Microsoft.Extensions.Logging.dll
obj\Release\netstandard2.1\blazor\unlinked\System.Diagnostics.DiagnosticSource.dll
obj\Release\netstandard2.1\blazor\unlinked\System.Runtime.Extensions.dll
obj\Release\netstandard2.1\blazor\unlinked\System.AppContext.dll
obj\Release\netstandard2.1\blazor\unlinked\System.Runtime.InteropServices.dll
obj\Release\netstandard2.1\blazor\unlinked\System.Diagnostics.Debug.dll
obj\Release\netstandard2.1\blazor\unlinked\System.Threading.dll
obj\Release\netstandard2.1\blazor\unlinked\System.Reflection.dll
obj\Release\netstandard2.1\blazor\unlinked\System.Collections.dll
obj\Release\netstandard2.1\blazor\unlinked\System.Collections.Concurrent.dll
obj\Release\netstandard2.1\blazor\unlinked\System.Diagnostics.Tracing.dll
obj\Release\netstandard2.1\blazor\unlinked\System.Resources.ResourceManager.dll
obj\Release\netstandard2.1\blazor\unlinked\System.Runtime.dll
obj\Release\netstandard2.1\blazor\unlinked\System.Threading.Channels.dll
obj\Release\netstandard2.1\blazor\unlinked\AutoMapper.dll
obj\Release\netstandard2.1\blazor\unlinked\System.Reflection.Emit.ILGeneration.dll
obj\Release\netstandard2.1\blazor\unlinked\System.Reflection.Emit.dll
obj\Release\netstandard2.1\blazor\unlinked\Microsoft.CSharp.dll
obj\Release\netstandard2.1\blazor\unlinked\System.Net.Http.Json.dll
obj\Release\netstandard2.1\blazor\unlinked\Microsoft.AspNetCore.WebUtilities.dll
obj\Release\netstandard2.1\blazor\unlinked\Microsoft.Net.Http.Headers.dll
obj\Release\netstandard2.1\blazor\unlinked\Microsoft.Extensions.Localization.dll
obj\Release\netstandard2.1\blazor\unlinked\Microsoft.Extensions.Localization.Abstractions.dll
obj\Release\netstandard2.1\blazor\unlinked\Blazored.FluentValidation.dll
obj\Release\netstandard2.1\blazor\unlinked\Microsoft.AspNetCore.Components.dll
obj\Release\netstandard2.1\blazor\unlinked\Microsoft.AspNetCore.Components.Forms.dll
obj\Release\netstandard2.1\blazor\unlinked\System.ComponentModel.Annotations.dll
obj\Release\netstandard2.1\blazor\unlinked\System.ComponentModel.DataAnnotations.dll
obj\Release\netstandard2.1\blazor\unlinked\FluentValidation.dll
obj\Release\netstandard2.1\blazor\unlinked\BlazorDateRangePicker.dll
obj\Release\netstandard2.1\blazor\unlinked\Microsoft.JSInterop.dll
obj\Release\netstandard2.1\blazor\unlinked\Microsoft.AspNetCore.Components.Web.dll
obj\Release\netstandard2.1\blazor\unlinked\Newtonsoft.Json.dll
obj\Release\netstandard2.1\blazor\unlinked\BlazorColorPicker.dll
obj\Release\netstandard2.1\blazor\unlinked\Microsoft.Extensions.Configuration.Abstractions.dll
obj\Release\netstandard2.1\blazor\unlinked\Microsoft.AspNetCore.Authorization.dll
obj\Release\netstandard2.1\blazor\unlinked\Microsoft.AspNetCore.Metadata.dll
obj\Release\netstandard2.1\blazor\unlinked\Toolbelt.Blazor.HttpClientInterceptor.dll
obj\Release\netstandard2.1\blazor\unlinked\MatBlazor.dll
obj\Release\netstandard2.1\blazor\unlinked\BlazorDownloadFile.dll
obj\Release\netstandard2.1\blazor\unlinked\OA.Domin.dll
obj\Release\netstandard2.1\blazor\unlinked\System.Reflection.Emit.Lightweight.dll
obj\Release\netstandard2.1\blazor\unlinked\Microsoft.EntityFrameworkCore.Abstractions.dll
obj\Release\netstandard2.1\blazor\unlinked\Microsoft.AspNetCore.Components.Authorization.dll
obj\Release\netstandard2.1\blazor\unlinked\Blazored.LocalStorage.dll
obj\Release\netstandard2.1\blazor\unlinked\Microsoft.AspNetCore.Components.WebAssembly.dll
obj\Release\netstandard2.1\blazor\unlinked\Microsoft.Extensions.Configuration.dll
obj\Release\netstandard2.1\blazor\unlinked\Microsoft.Extensions.Configuration.Json.dll
obj\Release\netstandard2.1\blazor\unlinked\Microsoft.Extensions.Configuration.FileExtensions.dll
obj\Release\netstandard2.1\blazor\unlinked\Microsoft.Extensions.FileProviders.Physical.dll
obj\Release\netstandard2.1\blazor\unlinked\Microsoft.Extensions.FileSystemGlobbing.dll
obj\Release\netstandard2.1\blazor\unlinked\Microsoft.Extensions.FileProviders.Abstractions.dll
obj\Release\netstandard2.1\blazor\unlinked\Microsoft.JSInterop.WebAssembly.dll
obj\Release\netstandard2.1\blazor\unlinked\ComponentLib.dll
obj\Release\netstandard2.1\blazor\unlinked\OA.WASM.pdb
obj\Release\netstandard2.1\blazor\unlinked\OA.Domin.pdb
obj\Release\netstandard2.1\blazor\unlinked\ComponentLib.pdb
